2025-05-04 20:37:38.568  INFO 1 - [       main] c.epam.healenium.Application     : Starting Application v3.4.6 using Java 22.0.2 with PID 1 (/healenium-backend.jar started by root in /) 
2025-05-04 20:37:38.672  INFO 1 - [       main] c.epam.healenium.Application     : No active profile set, falling back to 1 default profile: "default" 
2025-05-04 20:37:40.542  INFO 1 - [       main] .RepositoryConfigurationDelegate : Bootstrapping Spring Data JPA repositories in DEFAULT mode. 
2025-05-04 20:37:40.801  INFO 1 - [       main] .RepositoryConfigurationDelegate : Finished Spring Data repository scanning in 243 ms. Found 4 JPA repository interfaces. 
2025-05-04 20:37:42.343  INFO 1 - [       main] o.s.b.w.e.t.TomcatWebServer      : Tomcat initialized with port 7878 (http) 
2025-05-04 20:37:42.384  INFO 1 - [       main] o.a.c.core.StandardService       : Starting service [Tomcat] 
2025-05-04 20:37:42.385  INFO 1 - [       main] o.a.c.core.StandardEngine        : Starting Servlet engine: [Apache Tomcat/10.1.30] 
2025-05-04 20:37:42.465  INFO 1 - [       main] o.a.c.c.C.[.[localhost].[/]      : Initializing Spring embedded WebApplicationContext 
2025-05-04 20:37:42.466  INFO 1 - [       main] rvletWebServerApplicationContext : Root WebApplicationContext: initialization completed in 3693 ms 
2025-05-04 20:37:42.972  INFO 1 - [       main] c.z.hikari.HikariDataSource      : HikariPool-1 - Starting... 
2025-05-04 20:37:43.361  INFO 1 - [       main] c.z.hikari.HikariDataSource      : HikariPool-1 - Start completed. 
2025-05-04 20:37:43.633  INFO 1 - [       main] liquibase.database               : Set default schema name to healenium 
2025-05-04 20:37:44.557  INFO 1 - [       main] liquibase.changelog              : Reading from healenium.databasechangelog 
2025-05-04 20:37:44.645  INFO 1 - [       main] liquibase.ui                     : Database is up to date, no changesets to execute 
2025-05-04 20:37:44.648  INFO 1 - [       main] liquibase.changelog              : Reading from healenium.databasechangelog 
2025-05-04 20:37:44.662  INFO 1 - [       main] liquibase.util                   : UPDATE SUMMARY 
2025-05-04 20:37:44.662  INFO 1 - [       main] liquibase.util                   : Run:                          0 
2025-05-04 20:37:44.663  INFO 1 - [       main] liquibase.util                   : Previously run:              10 
2025-05-04 20:37:44.664  INFO 1 - [       main] liquibase.util                   : Filtered out:                 0 
2025-05-04 20:37:44.665  INFO 1 - [       main] liquibase.util                   : ------------------------------- 
2025-05-04 20:37:44.666  INFO 1 - [       main] liquibase.util                   : Total change sets:           10 
2025-05-04 20:37:44.668  INFO 1 - [       main] liquibase.util                   : Update summary generated 
2025-05-04 20:37:44.709  INFO 1 - [       main] liquibase.lockservice            : Successfully released change log lock 
2025-05-04 20:37:44.712  INFO 1 - [       main] liquibase.command                : Command execution complete 
2025-05-04 20:37:44.930  INFO 1 - [       main] o.h.j.internal.util.LogHelper    : HHH000204: Processing PersistenceUnitInfo [name: default] 
2025-05-04 20:37:45.088  INFO 1 - [       main] org.hibernate.Version            : HHH000412: Hibernate ORM core version 6.5.3.Final 
2025-05-04 20:37:45.184  INFO 1 - [       main] o.h.c.i.RegionFactoryInitiator   : HHH000026: Second-level cache disabled 
2025-05-04 20:37:45.812  INFO 1 - [       main] .o.j.p.SpringPersistenceUnitInfo : No LoadTimeWeaver setup: ignoring JPA class transformer 
2025-05-04 20:37:45.839  WARN 1 - [       main] org.hibernate.orm.deprecation    : HHH90000021: Encountered deprecated setting [hibernate.temp.use_jdbc_metadata_defaults], use [hibernate.boot.allow_jdbc_metadata_access] instead 
2025-05-04 20:37:45.880  WARN 1 - [       main] org.hibernate.orm.deprecation    : HHH90000025: PostgreSQLDialect does not need to be specified explicitly using 'hibernate.dialect' (remove the property setting and it will be selected by default) 
2025-05-04 20:37:47.432  WARN 1 - [       main] o.h.m.internal.MetadataContext   : HHH015011: Unable to locate static metamodel field : com.epam.healenium.model.domain.Selector_#nodePathWrapper; this may or may not indicate a problem with the static metamodel 
2025-05-04 20:37:47.440  INFO 1 - [       main] h.e.t.j.p.i.JtaPlatformInitiator : HHH000489: No JTA platform available (set 'hibernate.transaction.jta.platform' to enable JTA platform integration) 
2025-05-04 20:37:47.446  INFO 1 - [       main] ontainerEntityManagerFactoryBean : Initialized JPA EntityManagerFactory for persistence unit 'default' 
2025-05-04 20:37:48.138  INFO 1 - [       main] o.s.d.j.r.q.QueryEnhancerFactory : Hibernate is in classpath; If applicable, HQL parser will be used. 
2025-05-04 20:37:49.082  INFO 1 - [       main] .a.w.s.WelcomePageHandlerMapping : Adding welcome page template: index 
2025-05-04 20:37:50.067  INFO 1 - [       main] .s.b.a.e.w.EndpointLinksResolver : Exposing 1 endpoint beneath base path '/actuator' 
2025-05-04 20:37:50.312  INFO 1 - [       main] o.s.b.w.e.t.TomcatWebServer      : Tomcat started on port 7878 (http) with context path '/' 
2025-05-04 20:37:50.450  INFO 1 - [       main] c.epam.healenium.Application     : Started Application in 12.774 seconds (process running for 14.316) 
2025-05-04 20:38:02.528  INFO 1 - [7878-exec-1] o.a.c.c.C.[.[localhost].[/]      : Initializing Spring DispatcherServlet 'dispatcherServlet' 
2025-05-04 20:38:02.529  INFO 1 - [7878-exec-1] o.s.w.s.DispatcherServlet        : Initializing Servlet 'dispatcherServlet' 
2025-05-04 20:38:02.535  INFO 1 - [7878-exec-1] o.s.w.s.DispatcherServlet        : Completed initialization in 6 ms 
2025-05-04 20:42:24.556  INFO 1 - [7878-exec-3] healenium                        : [Save Elements] Request: By.xpath(//div[text()='Sauce Labs Backpack']) 
2025-05-04 20:44:41.966  INFO 1 - [7878-exec-7] healenium                        : [Save Elements] Request: By.xpath(//div[text()='Sauce Labs Backpack']) 
2025-05-04 20:44:42.115  INFO 1 - [7878-exec-8] healenium                        : [Save Elements] Request: By.xpath(//button[@class='btn_primary btn_inventory']) 
2025-05-04 20:45:09.353  INFO 1 - [7878-exec-2] healenium                        : [Save Elements] Request: By.xpath(//div[text()='Sauce Labs Backpack']) 
2025-05-04 20:45:48.558  INFO 1 - [7878-exec-6] healenium                        : [Save Elements] Request: By.xpath(//div[text()='Sauce Labs Backpack']) 
